version: (200506)

available memory: 64M bytes
used memory: 507904 bytes [need 496K bytes if disable swap]

used block: 20 [memory(20) file(0)]
                 [ 8K(14) 64K(6) { total 496K bytes } ]
overhead: (9531) bytes for (20) blocks [Average: (476) bytes/block]

write  => 0(times) 0K(bytes) [0K bytes to file]
read   => 6(times) 95K(bytes) [13K bytes compressed data from file]
access => 5051558(times) 39490M(bytes)
          [hit ratio: 99.9999%]

time: write(0) read(0)  unit: second

swap file directory: (/home/qidc/Nutstore/Project/riscv/riscv_soc/QA_DIR/verdiLog)
used swap file number: (8)



swap file manager:
arrSize: (256)
idxCnt: (9)
closeHead: (1)
closeTail: (8)
openCnt: (6)
fid(8): fd(1073741828) fileName(/home/qidc/Nutstore/Project/riscv/riscv_soc/QA_DIR/simv.daidir/kdb.elab++/work.lib++/pc_reg.v.tdc)
	size(2285) lastModTime(1730470113) curModTime(1730470113)
	mode(rb)	hot(0) cool(7) pos(0)
fid(7): fd(1073741827) fileName(/home/qidc/Nutstore/Project/riscv/riscv_soc/QA_DIR/simv.daidir/kdb.elab++/work.lib++/if_id_buf.v.tdc)
	size(2938) lastModTime(1730470113) curModTime(1730470113)
	mode(rb)	hot(8) cool(6) pos(0)
fid(6): fd(1073741826) fileName(/home/qidc/Nutstore/Project/riscv/riscv_soc/QA_DIR/simv.daidir/kdb.elab++/work.lib++/register_file.v.tdc)
	size(3714) lastModTime(1730470113) curModTime(1730470113)
	mode(rb)	hot(7) cool(3) pos(0)
fid(5): fd(0) fileName(/home/qidc/Nutstore/Project/riscv/riscv_soc/QA_DIR/simv.daidir/kdb.elab++/work.lib++/id_ex_buf.v.tdc)
	size(3753) lastModTime(1730470113) curModTime(1730470113)
	mode(rb)	hot(0) cool(0) pos(0)
fid(4): fd(0) fileName(/home/qidc/Nutstore/Project/riscv/riscv_soc/QA_DIR/simv.daidir/kdb.elab++/work.lib++/riscv_core.v.tdc)
	size(6056) lastModTime(1730470113) curModTime(1730470113)
	mode(rb)	hot(0) cool(0) pos(0)
fid(3): fd(1073741825) fileName(/home/qidc/Nutstore/Project/riscv/riscv_soc/QA_DIR/simv.daidir/kdb.elab++/work.lib++/inst_decode.v.tdc)
	size(10415) lastModTime(1730470113) curModTime(1730470113)
	mode(rb)	hot(6) cool(2) pos(0)
fid(2): fd(29) fileName(/home/qidc/Nutstore/Project/riscv/riscv_soc/QA_DIR/verdiLog/_swap_0001#1757367822#31858)
	size(0) lastModTime(0) curModTime(1730470276)
	mode(w+b)	hot(3) cool(1) pos(0)
fid(1): fd(1073741824) fileName(/home/qidc/Nutstore/Project/riscv/riscv_soc/QA_DIR/simv.daidir/kdb.elab++/work.lib++/dff_rs_ld.v.tdc)
	size(1751) lastModTime(1730470113) curModTime(1730470113)
	mode(rb)	hot(2) cool(0) pos(0)
fid(0): fd(0) fileName(NULL)
	mode(NULL)	hot(0) cool(0) pos(0)
==================================================
mySelf(1629c100) pre(149dbe20) next(0)
version(200506)
date(Feb 11 2019 22:10:27)
